  main.cpp
C:\Programming\c++\VoxelEngine\VoxelEngine\includes\GLFW\glfw3.h(1403,16): warning C4099: GLFWwindow: имя типа, ранее отображенное с помощью "class", теперь отображено с помощью "struct"
  (компиляция исходного файла "main.cpp")
  C:\Programming\c++\VoxelEngine\VoxelEngine\Window.h(3,7):
   см. объявление "GLFWwindow"
  
C:\Programming\c++\VoxelEngine\VoxelEngine\main.cpp(7,1): warning C4005: GLEW_STATIC: изменение макроопределения
  C:\Programming\c++\VoxelEngine\VoxelEngine\main.cpp(7,1):
  "GLEW_STATIC" ранее объявлен в командной строке
  
  Window.cpp
C:\Programming\c++\VoxelEngine\VoxelEngine\includes\GLFW\glfw3.h(1403,16): warning C4099: GLFWwindow: имя типа, ранее отображенное с помощью "class", теперь отображено с помощью "struct"
  (компиляция исходного файла "Window.cpp")
  C:\Programming\c++\VoxelEngine\VoxelEngine\Window.h(3,7):
   см. объявление "GLFWwindow"
  
  Создание кода...
C:\Programming\c++\VoxelEngine\VoxelEngine\Window.cpp(34,1): warning C4715: Window::init: значение возвращается не при всех путях выполнения
  LINK : не найден или не выполнена сборка C:\Programming\c++\VoxelEngine\VoxelEngine\x64\Debug\VoxelEngine.exe при последней инкрементной компоновке; выполняется полная компоновка
glew32s.lib(glew.obj) : warning LNK4099: "" PDB не найден с "glew32s.lib(glew.obj)" или на ""; компоновка объекта выполняется как при отсутствии отладочных данных
LINK : warning LNK4098: библиотека по умолчанию "MSVCRT" конфликтует с использованием других библиотек; используйте /NODEFAULTLIB:library
LINK : warning LNK4098: библиотека по умолчанию "LIBCMT" конфликтует с использованием других библиотек; используйте /NODEFAULTLIB:library
  VoxelEngine.vcxproj -> C:\Programming\c++\VoxelEngine\VoxelEngine\x64\Debug\VoxelEngine.exe
